{"message":"Berkay Kanca - Register - 2019-5-14 23:51:00","level":"info"}
{"message":"Berkay Kanca - Login - 2019-5-14 23:51:08","level":"info"}
{"message":"Berkay Kanca - Update Profile - 2019-5-14 23:51:18","level":"info"}
{"message":"Berkay Kanca - Logout - 2019-5-14 23:51:23","level":"info"}
{"message":"Berkay Kanca - Login - 2019-5-14 23:51:39","level":"info"}
{"message":"Berkay Kanca - Logout - 2019-5-14 23:58:18","level":"info"}
{"message":"Berfin Kanca - Register - 2019-5-14 23:58:30","level":"info"}
{"message":"Berkay Kanca - Login - 2019-5-14 23:58:34","level":"info"}
{"message":"Berkay Kanca - Logout - 2019-5-15 00:15:37","level":"info"}
{"message":"Berfin Kanca - Register - 2019-5-15 00:15:49","level":"info"}
{"message":"Berkay Kanca - Login - 2019-5-15 00:15:52","level":"info"}
{"message":"Berkay Kanca - Login - 2019-5-15 08:55:39","level":"info"}
{"message":"Berkay Kanca - Login - 2019-5-15 09:55:44","level":"info"}
{"message":"Berkay Kanca - Login - 2019-5-15 10:55:54","level":"info"}
{"message":"Berkay Kanca - Login - 2019-5-15 11:55:56","level":"info"}
{"message":"Berkay Kanca - Login - 2019-5-15 13:51:36","level":"info"}
{"message":"Berkay Kanca - Login - 2019-5-15 14:51:52","level":"info"}
{"message":"Berkay Kanca - Login - 2019-5-15 15:52:42","level":"info"}
{"message":"Berkay Kanca - Logout - 2019-5-15 16:12:28","level":"info"}
{"message":"Berfin Kanca - Login - 2019-5-15 16:12:32","level":"info"}
{"message":"Berkay Kanca - Login - 2019-5-15 16:12:56","level":"info"}
{"message":"Berfin Kanca - Logout - 2019-5-15 16:14:14","level":"info"}
{"message":"Berkay Kanca - Login - 2019-5-15 16:52:17","level":"info"}
{"message":"Berkay Kanca - Login - 2019-5-15 17:14:31","level":"info"}
{"message":"Berkay Kanca - Login - 2019-5-15 18:14:38","level":"info"}
{"message":"Berkay Kanca - Login - 2019-5-16 00:10:39","level":"info"}
{"message":"Berkay Kanca - Logout - 2019-5-16 00:27:31","level":"info"}
{"message":"Berfin Kanca - Login - 2019-5-16 00:27:35","level":"info"}
{"message":"Berfin Kanca - Logout - 2019-5-16 00:27:44","level":"info"}
{"message":"Berkay Kanca - Login - 2019-5-16 00:27:47","level":"info"}
{"message":"Berkay Kanca - Logout - 2019-5-16 00:32:19","level":"info"}
{"message":"Berfin Kanca - Login - 2019-5-16 00:32:23","level":"info"}
{"message":"Berfin Kanca - Logout - 2019-5-16 00:32:38","level":"info"}
{"message":"Berkay Kanca - Login - 2019-5-16 00:32:41","level":"info"}
{"message":"Berkay Kanca - Login - 2019-5-16 00:48:37","level":"info"}
{"message":"Berfin Kanca - Login - 2019-5-16 00:49:49","level":"info"}
{"message":"Berfin Kanca - Logout - 2019-5-16 00:49:52","level":"info"}
{"message":"Berkay Kanca - Login - 2019-5-16 00:49:55","level":"info"}
{"message":"Berkay Kanca - Login - 2019-5-16 00:51:19","level":"info"}
{"message":"Berkay Kanca - Logout - 2019-5-16 00:58:46","level":"info"}
{"message":"Berkay Kanca - Login - 2019-5-16 00:58:49","level":"info"}
{"message":"Berkay Kanca - Logout - 2019-5-16 01:08:04","level":"info"}
{"message":"Berkay Kanca - Login - 2019-5-16 01:08:08","level":"info"}
{"message":"Berkay Kanca - Logout - 2019-5-16 01:08:31","level":"info"}
{"message":"Berkay Kanca - Login - 2019-5-16 01:10:08","level":"info"}
{"message":"Berkay Kanca - Logout - 2019-5-16 01:43:19","level":"info"}
{"message":"Berkay Kanca - Login - 2019-5-20 09:06:47","level":"info"}
{"message":"Berkay Kanca - Logout - 2019-5-20 09:07:44","level":"info"}
{"message":"Berfin Kanca - Login - 2019-5-20 09:07:52","level":"info"}
{"message":"Berfin Kanca - Logout - 2019-5-20 09:11:20","level":"info"}
{"message":"Berkay Kanca - Login - 2019-5-20 09:11:24","level":"info"}
{"message":"Berkay Kanca - Logout - 2019-5-20 09:11:40","level":"info"}
{"message":"Berfin Kanca - Login - 2019-5-20 09:11:45","level":"info"}
{"message":"Berfin Kanca - Logout - 2019-5-20 09:12:02","level":"info"}
{"message":"Berkay Kanca - Login - 2019-5-20 09:12:06","level":"info"}
{"message":"Berkay Kanca - Logout - 2019-5-20 09:12:19","level":"info"}
{"message":"Berkay Kanca - Login - 2019-5-20 09:12:22","level":"info"}
{"message":"Berkay Kanca - Logout - 2019-5-20 09:12:27","level":"info"}
{"message":"Berfin Kanca - Login - 2019-5-20 09:12:31","level":"info"}
{"message":"Berkay Kanca - Login - 2019-5-20 09:13:21","level":"info"}
{"message":"Berkay Kanca - Logout - 2019-5-20 09:32:21","level":"info"}
{"message":"Berkay Kanca - Login - 2019-5-20 09:33:54","level":"info"}
{"message":"Berkay Kanca - Login - 2019-5-20 09:35:43","level":"info"}
{"message":"Berkay Kanca - Logout - 2019-5-20 10:21:36","level":"info"}
{"message":"Berkay Kanca - Login - 2019-5-20 10:23:06","level":"info"}
{"message":"Berkay Kanca - Logout - 2019-5-20 10:27:25","level":"info"}
{"message":"Berkay Kanca - Login - 2019-5-20 10:27:44","level":"info"}
{"message":"Berkay Kanca - Login - 2019-5-20 11:39:38","level":"info"}
{"message":"Berkay Kanca - Logout - 2019-5-20 11:41:48","level":"info"}
{"message":"Berkay Kanca - Login - 2019-5-20 11:41:52","level":"info"}
{"message":"Berkay Kanca - Login - 2019-5-20 11:50:16","level":"info"}
{"message":"Berkay Kanca - Login - 2019-5-20 13:46:01","level":"info"}
{"message":"Berkay Kanca - Logout - 2019-5-20 14:00:26","level":"info"}
{"message":"Berfin Kanca - Login - 2019-5-20 14:00:30","level":"info"}
{"message":"Berfin Kanca - Logout - 2019-5-20 14:00:38","level":"info"}
{"message":"Berkay Kanca - Login - 2019-5-20 14:00:42","level":"info"}
{"message":"Berkay Kanca - Logout - 2019-5-20 14:00:55","level":"info"}
{"message":"Berfin Kanca - Login - 2019-5-20 14:00:59","level":"info"}
{"message":"Berfin Kanca - Logout - 2019-5-20 14:01:10","level":"info"}
{"message":"Berkay Kanca - Login - 2019-5-20 14:01:18","level":"info"}
{"message":"Berkay Kanca - Logout - 2019-5-20 14:01:26","level":"info"}
{"message":"Berkay Kanca - Login - 2019-5-20 14:20:52","level":"info"}
{"message":"Berkay Kanca - Logout - 2019-5-20 14:24:16","level":"info"}
{"message":"Berkay Kanca - Login - 2019-5-20 14:25:18","level":"info"}
{"message":"Berkay Kanca - Update Profile - 2019-5-20 14:29:44","level":"info"}
{"message":"Berkay Kanca - Update Profile - 2019-5-20 14:30:09","level":"info"}
{"message":"Berkay Kanca - Update Profile - 2019-5-20 14:31:04","level":"info"}
{"message":"Berkay Kanca - Logout - 2019-5-20 14:32:36","level":"info"}
{"message":"Berkay Kanca - Login - 2019-5-20 14:34:29","level":"info"}
{"message":"Berkay Kanca - Login - 2019-5-20 15:32:53","level":"info"}
{"message":"Berkay Kanca - Login - 2019-5-20 16:37:50","level":"info"}
{"message":"Berkay Kanca - Login - 2019-5-20 17:40:06","level":"info"}
{"message":"Berkay Kanca - Login - 2019-5-20 23:06:09","level":"info"}
{"message":"Berkay Kanca - Login - 2019-5-21 00:06:49","level":"info"}
{"message":"Berkay Kanca - Login - 2019-5-21 01:07:03","level":"info"}
{"message":"Berkay Kanca - Login - 2019-5-21 08:55:27","level":"info"}
{"message":"Berkay Kanca - Login - 2019-5-21 10:05:21","level":"info"}
{"message":"Berkay Kanca - Logout - 2019-5-21 10:32:41","level":"info"}
{"message":"Berkay Kanca - Register - 2019-5-21 10:33:00","level":"info"}
{"message":"Berkay Kanca - Register - 2019-5-21 10:33:24","level":"info"}
{"message":"Berkay Kanca - Login - 2019-5-21 10:33:29","level":"info"}
{"message":"Berkay Kanca - Update Profile - 2019-5-21 10:33:59","level":"info"}
{"message":"Berkay Kanca - Logout - 2019-5-21 10:38:32","level":"info"}
{"message":"Berkay Kanca - Login - 2019-5-21 10:38:37","level":"info"}
{"message":"Berkay Kanca - Logout - 2019-5-21 10:41:08","level":"info"}
{"message":"Berfin Kanca - Login - 2019-5-21 10:41:14","level":"info"}
{"message":"Berfin Kanca - Update Profile - 2019-5-21 10:41:32","level":"info"}
{"message":"Berfin Kanca - Logout - 2019-5-21 10:47:32","level":"info"}
{"message":"Berkay Kanca - Login - 2019-5-21 10:47:37","level":"info"}
{"message":"Berkay Kanca - Update Profile - 2019-5-21 10:47:53","level":"info"}
{"message":"Berkay Kanca - Logout - 2019-5-21 10:50:02","level":"info"}
{"message":"Berkay Kanca - Login - 2019-5-21 10:50:10","level":"info"}
{"message":"Berkay Kanca - Login - 2019-5-21 17:28:44","level":"info"}
